<?xml version="1.0" encoding="UTF-8"?>
<testng-results ignored="0" total="1" passed="1" failed="0" skipped="0">
  <reporter-output>
  </reporter-output>
  <suite started-at="2026-02-17T14:06:29 IST" name="Default suite" finished-at="2026-02-17T14:06:43 IST" duration-ms="14070">
    <groups>
    </groups>
    <test started-at="2026-02-17T14:06:29 IST" name="Default test" finished-at="2026-02-17T14:06:43 IST" duration-ms="14070">
      <class name="demo.screenshots.ScreenshotDemoTest">
        <test-method is-config="true" signature="setUp()[pri:0, instance:demo.screenshots.ScreenshotDemoTest@43bc63a3]" started-at="2026-02-17T14:06:29 IST" name="setUp" finished-at="2026-02-17T14:06:32 IST" duration-ms="2795" status="PASS">
          <reporter-output>
          </reporter-output>
        </test-method> <!-- setUp -->
        <test-method signature="captureScreenshotsOnTheInternetApp()[pri:0, instance:demo.screenshots.ScreenshotDemoTest@43bc63a3]" started-at="2026-02-17T14:06:32 IST" name="captureScreenshotsOnTheInternetApp" finished-at="2026-02-17T14:06:42 IST" duration-ms="10744" status="PASS">
          <reporter-output>
          </reporter-output>
        </test-method> <!-- captureScreenshotsOnTheInternetApp -->
        <test-method is-config="true" signature="tearDown()[pri:0, instance:demo.screenshots.ScreenshotDemoTest@43bc63a3]" started-at="2026-02-17T14:06:42 IST" name="tearDown" finished-at="2026-02-17T14:06:43 IST" duration-ms="485" status="PASS">
          <reporter-output>
          </reporter-output>
        </test-method> <!-- tearDown -->
      </class> <!-- demo.screenshots.ScreenshotDemoTest -->
    </test> <!-- Default test -->
  </suite> <!-- Default suite -->
</testng-results>
